<?xml version="1.0" encoding="UTF-8"?>
<!-- Generated by org.testng.reporters.JUnitXMLReporter -->
<testsuite ignored="0" hostname="DESKTOP-BKO0T5E" failures="2" tests="9" name="Test" time="96.748" errors="0" timestamp="2024-10-15T12:51:49 IST">
  <testcase classname="testCase.T01_testNewRegistration" name="verify_account_registration" time="2.984"/>
  <testcase classname="testCase.T03_testLoginDDT" name="testLgoinDDT" time="11.331">
    <failure type="java.lang.AssertionError" message="expected [true] but found [false]">
      <![CDATA[java.lang.AssertionError: expected [true] but found [false]
at testCase.T03_testLoginDDT.testLgoinDDT(T03_testLoginDDT.java:33)
at java.base/java.util.ArrayList.forEach(ArrayList.java:1596)
... Removed 33 stack frames]]>
    </failure>
  </testcase> <!-- testLgoinDDT -->
  <testcase classname="testCase.T03_testLoginDDT" name="testLgoinDDT" time="11.078"/>
  <testcase classname="testCase.T03_testLoginDDT" name="testLgoinDDT" time="11.022"/>
  <testcase classname="testCase.T03_testLoginDDT" name="testLgoinDDT" time="11.618"/>
  <testcase classname="testCase.T03_testLoginDDT" name="testLgoinDDT" time="11.058">
    <failure type="java.lang.AssertionError" message="expected [true] but found [false]">
      <![CDATA[java.lang.AssertionError: expected [true] but found [false]
at testCase.T03_testLoginDDT.testLgoinDDT(T03_testLoginDDT.java:33)
at java.base/java.util.ArrayList.forEach(ArrayList.java:1596)
... Removed 33 stack frames]]>
    </failure>
  </testcase> <!-- testLgoinDDT -->
  <testcase classname="testCase.T03_testLoginDDT" name="testLgoinDDT" time="11.162"/>
  <testcase classname="testCase.T03_testLoginDDT" name="testLgoinDDT" time="10.773"/>
  <testcase classname="testCase.T02_testLogin" name="testLogin" time="1.171"/>
</testsuite> <!-- Test -->
