<?xml version="1.0" encoding="UTF-8"?>
<testng-results ignored="0" total="2" passed="2" failed="0" skipped="0">
  <reporter-output>
  </reporter-output>
  <suite started-at="2024-10-15T12:47:57 IST" name="Suite" finished-at="2024-10-15T12:48:10 IST" duration-ms="12767">
    <groups>
      <group name="regression">
        <method signature="T02_testLogin.testLogin()[pri:0, instance:testCase.T02_testLogin@79c7532f]" name="testLogin" class="testCase.T02_testLogin"/>
      </group> <!-- regression -->
      <group name="sanity">
        <method signature="T01_testNewRegistration.verify_account_registration()[pri:0, instance:testCase.T01_testNewRegistration@46944ca9]" name="verify_account_registration" class="testCase.T01_testNewRegistration"/>
      </group> <!-- sanity -->
      <group name="master">
        <method signature="T01_testNewRegistration.verify_account_registration()[pri:0, instance:testCase.T01_testNewRegistration@46944ca9]" name="verify_account_registration" class="testCase.T01_testNewRegistration"/>
        <method signature="T02_testLogin.testLogin()[pri:0, instance:testCase.T02_testLogin@79c7532f]" name="testLogin" class="testCase.T02_testLogin"/>
      </group> <!-- master -->
    </groups>
    <test started-at="2024-10-15T12:47:57 IST" name="Test" finished-at="2024-10-15T12:48:10 IST" duration-ms="12767">
      <class name="testCase.T01_testNewRegistration">
        <test-method is-config="true" signature="setup(java.lang.String,java.lang.String)[pri:0, instance:testCase.T01_testNewRegistration@46944ca9]" started-at="2024-10-15T12:47:58 IST" name="setup" finished-at="2024-10-15T12:48:01 IST" duration-ms="3750" status="PASS">
          <params>
            <param index="0">
              <value>
                <![CDATA[Linux]]>
              </value>
            </param>
            <param index="1">
              <value>
                <![CDATA[chrome]]>
              </value>
            </param>
          </params>
          <reporter-output>
          </reporter-output>
        </test-method> <!-- setup -->
        <test-method signature="verify_account_registration()[pri:0, instance:testCase.T01_testNewRegistration@46944ca9]" started-at="2024-10-15T12:48:01 IST" name="verify_account_registration" finished-at="2024-10-15T12:48:04 IST" duration-ms="3026" status="PASS">
          <reporter-output>
          </reporter-output>
        </test-method> <!-- verify_account_registration -->
        <test-method is-config="true" signature="tearDown()[pri:0, instance:testCase.T01_testNewRegistration@46944ca9]" started-at="2024-10-15T12:48:04 IST" name="tearDown" finished-at="2024-10-15T12:48:05 IST" duration-ms="414" status="PASS">
          <reporter-output>
          </reporter-output>
        </test-method> <!-- tearDown -->
      </class> <!-- testCase.T01_testNewRegistration -->
      <class name="testCase.T02_testLogin">
        <test-method is-config="true" signature="setup(java.lang.String,java.lang.String)[pri:0, instance:testCase.T02_testLogin@79c7532f]" started-at="2024-10-15T12:48:05 IST" name="setup" finished-at="2024-10-15T12:48:08 IST" duration-ms="3041" status="PASS">
          <params>
            <param index="0">
              <value>
                <![CDATA[Linux]]>
              </value>
            </param>
            <param index="1">
              <value>
                <![CDATA[chrome]]>
              </value>
            </param>
          </params>
          <reporter-output>
          </reporter-output>
        </test-method> <!-- setup -->
        <test-method signature="testLogin()[pri:0, instance:testCase.T02_testLogin@79c7532f]" started-at="2024-10-15T12:48:08 IST" name="testLogin" finished-at="2024-10-15T12:48:09 IST" duration-ms="1448" status="PASS">
          <reporter-output>
          </reporter-output>
        </test-method> <!-- testLogin -->
        <test-method is-config="true" signature="tearDown()[pri:0, instance:testCase.T02_testLogin@79c7532f]" started-at="2024-10-15T12:48:09 IST" name="tearDown" finished-at="2024-10-15T12:48:10 IST" duration-ms="605" status="PASS">
          <reporter-output>
          </reporter-output>
        </test-method> <!-- tearDown -->
      </class> <!-- testCase.T02_testLogin -->
    </test> <!-- Test -->
  </suite> <!-- Suite -->
</testng-results>
