<?xml version="1.0" encoding="UTF-8"?>
<testng-results ignored="0" total="1" passed="1" failed="0" skipped="0">
  <reporter-output>
  </reporter-output>
  <suite started-at="2024-10-17T13:41:55 IST" name="Suite" finished-at="2024-10-17T13:42:10 IST" duration-ms="14396">
    <groups>
      <group name="regression">
        <method signature="T02_testLogin.testLogin()[pri:0, instance:testCase.T02_testLogin@324a0017]" name="testLogin" class="testCase.T02_testLogin"/>
      </group> <!-- regression -->
      <group name="master">
        <method signature="T02_testLogin.testLogin()[pri:0, instance:testCase.T02_testLogin@324a0017]" name="testLogin" class="testCase.T02_testLogin"/>
      </group> <!-- master -->
    </groups>
    <test started-at="2024-10-17T13:41:55 IST" name="Test" finished-at="2024-10-17T13:42:10 IST" duration-ms="14396">
      <class name="testCase.T02_testLogin">
        <test-method is-config="true" signature="setup(java.lang.String,java.lang.String)[pri:0, instance:testCase.T02_testLogin@324a0017]" started-at="2024-10-17T13:41:56 IST" name="setup" finished-at="2024-10-17T13:42:06 IST" duration-ms="10675" status="PASS">
          <params>
            <param index="0">
              <value>
                <![CDATA[Windows]]>
              </value>
            </param>
            <param index="1">
              <value>
                <![CDATA[chrome]]>
              </value>
            </param>
          </params>
          <reporter-output>
          </reporter-output>
        </test-method> <!-- setup -->
        <test-method signature="testLogin()[pri:0, instance:testCase.T02_testLogin@324a0017]" started-at="2024-10-17T13:42:06 IST" name="testLogin" finished-at="2024-10-17T13:42:09 IST" duration-ms="2539" status="PASS">
          <reporter-output>
          </reporter-output>
        </test-method> <!-- testLogin -->
        <test-method is-config="true" signature="tearDown()[pri:0, instance:testCase.T02_testLogin@324a0017]" started-at="2024-10-17T13:42:09 IST" name="tearDown" finished-at="2024-10-17T13:42:10 IST" duration-ms="613" status="PASS">
          <reporter-output>
          </reporter-output>
        </test-method> <!-- tearDown -->
      </class> <!-- testCase.T02_testLogin -->
    </test> <!-- Test -->
  </suite> <!-- Suite -->
</testng-results>
